17:48:26,277 INFO  [Server] Starting JBoss (MX MicroKernel)...
17:48:26,277 INFO  [Server] Release ID: JBoss [Trinity] 4.2.2.GA (build: SVNTag=JBoss_4_2_2_GA date=200710221139)
17:48:26,277 DEBUG [Server] Using config: org.jboss.system.server.ServerConfigImpl@c541476
17:48:26,277 DEBUG [Server] Server type: class org.jboss.system.server.ServerImpl
17:48:26,277 DEBUG [Server] Server loaded through: org.jboss.system.server.NoAnnotationURLClassLoader
17:48:26,278 DEBUG [Server] Boot URLs:
17:48:26,278 DEBUG [Server]   file:/F:/eclipse_workspace_4.4/jndi-jboss422-snippets/server/jboss-4.2.2.GA/lib/endorsed/serializer.jar
17:48:26,278 DEBUG [Server]   file:/F:/eclipse_workspace_4.4/jndi-jboss422-snippets/server/jboss-4.2.2.GA/lib/endorsed/xalan.jar
17:48:26,278 DEBUG [Server]   file:/F:/eclipse_workspace_4.4/jndi-jboss422-snippets/server/jboss-4.2.2.GA/lib/endorsed/xercesImpl.jar
17:48:26,278 DEBUG [Server]   file:/F:/eclipse_workspace_4.4/jndi-jboss422-snippets/server/jboss-4.2.2.GA/lib/jboss-jmx.jar
17:48:26,278 DEBUG [Server]   file:/F:/eclipse_workspace_4.4/jndi-jboss422-snippets/server/jboss-4.2.2.GA/lib/concurrent.jar
17:48:26,278 DEBUG [Server]   file:/F:/eclipse_workspace_4.4/jndi-jboss422-snippets/server/jboss-4.2.2.GA/lib/log4j-boot.jar
17:48:26,278 DEBUG [Server]   file:/F:/eclipse_workspace_4.4/jndi-jboss422-snippets/server/jboss-4.2.2.GA/lib/jboss-common.jar
17:48:26,278 DEBUG [Server]   file:/F:/eclipse_workspace_4.4/jndi-jboss422-snippets/server/jboss-4.2.2.GA/lib/jboss-system.jar
17:48:26,278 DEBUG [Server]   file:/F:/eclipse_workspace_4.4/jndi-jboss422-snippets/server/jboss-4.2.2.GA/lib/jboss-xml-binding.jar
17:48:26,278 INFO  [Server] Home Dir: F:\eclipse_workspace_4.4\jndi-jboss422-snippets\server\jboss-4.2.2.GA
17:48:26,278 INFO  [Server] Home URL: file:/F:/eclipse_workspace_4.4/jndi-jboss422-snippets/server/jboss-4.2.2.GA/
17:48:26,278 DEBUG [Server] Library URL: file:/F:/eclipse_workspace_4.4/jndi-jboss422-snippets/server/jboss-4.2.2.GA/lib/
17:48:26,278 INFO  [Server] Patch URL: null
17:48:26,278 INFO  [Server] Server Name: default
17:48:26,278 INFO  [Server] Server Home Dir: F:\eclipse_workspace_4.4\jndi-jboss422-snippets\server\jboss-4.2.2.GA\server\default
17:48:26,279 INFO  [Server] Server Home URL: file:/F:/eclipse_workspace_4.4/jndi-jboss422-snippets/server/jboss-4.2.2.GA/server/default/
17:48:26,279 INFO  [Server] Server Log Dir: F:\eclipse_workspace_4.4\jndi-jboss422-snippets\server\jboss-4.2.2.GA\server\default\log
17:48:26,279 DEBUG [Server] Server Data Dir: F:\eclipse_workspace_4.4\jndi-jboss422-snippets\server\jboss-4.2.2.GA\server\default\data
17:48:26,279 INFO  [Server] Server Temp Dir: F:\eclipse_workspace_4.4\jndi-jboss422-snippets\server\jboss-4.2.2.GA\server\default\tmp
17:48:26,279 DEBUG [Server] Server Config URL: file:/F:/eclipse_workspace_4.4/jndi-jboss422-snippets/server/jboss-4.2.2.GA/server/default/conf/
17:48:26,279 DEBUG [Server] Server Library URL: file:/F:/eclipse_workspace_4.4/jndi-jboss422-snippets/server/jboss-4.2.2.GA/server/default/lib/
17:48:26,279 INFO  [Server] Root Deployment Filename: jboss-service.xml
17:48:26,280 DEBUG [Server] Starting General Purpose Architecture (GPA)...
17:48:26,343 DEBUG [Server] Created MBeanServer: org.jboss.mx.server.MBeanServerImpl@2d56ab95[ defaultDomain='jboss' ]
17:48:26,352 DEBUG [Server] Boot url list: [file:/F:/eclipse_workspace_4.4/jndi-jboss422-snippets/server/jboss-4.2.2.GA/server/default/conf/]
17:48:26,352 DEBUG [Server] Creating loader for URL: file:/F:/eclipse_workspace_4.4/jndi-jboss422-snippets/server/jboss-4.2.2.GA/server/default/conf/
17:48:26,354 DEBUG [RepositoryClassLoader] setRepository, repository=org.jboss.mx.loading.UnifiedLoaderRepository3@47ff1366, cl=org.jboss.mx.loading.UnifiedClassLoader3@5de3d5e6{ url=file:/F:/eclipse_workspace_4.4/jndi-jboss422-snippets/server/jboss-4.2.2.GA/server/default/conf/ ,addedOrder=0}
17:48:26,354 DEBUG [RepositoryClassLoader] setRepository, repository=org.jboss.mx.loading.UnifiedLoaderRepository3@47ff1366, cl=org.jboss.mx.loading.UnifiedClassLoader3@5de3d5e6{ url=file:/F:/eclipse_workspace_4.4/jndi-jboss422-snippets/server/jboss-4.2.2.GA/server/default/conf/ ,addedOrder=0}
17:48:26,355 DEBUG [UnifiedLoaderRepository3] Adding org.jboss.mx.loading.UnifiedClassLoader3@5de3d5e6{ url=file:/F:/eclipse_workspace_4.4/jndi-jboss422-snippets/server/jboss-4.2.2.GA/server/default/conf/ ,addedOrder=0}
17:48:26,399 DEBUG [Server] Failed to create xmbean for: org.jboss.system.server.ServerInfo
17:48:26,402 INFO  [ServerInfo] Java version: 1.8.0_45,Oracle Corporation
17:48:26,402 INFO  [ServerInfo] Java VM: Java HotSpot(TM) 64-Bit Server VM 25.45-b02,Oracle Corporation
17:48:26,402 INFO  [ServerInfo] OS-System: Windows 7 6.1,amd64
17:48:26,402 DEBUG [ServerInfo] Full System Properties Dump
17:48:26,403 DEBUG [ServerInfo]     java.vendor: Oracle Corporation
17:48:26,403 DEBUG [ServerInfo]     sun.java.launcher: SUN_STANDARD
17:48:26,403 DEBUG [ServerInfo]     sun.management.compiler: HotSpot 64-Bit Tiered Compilers
17:48:26,403 DEBUG [ServerInfo]     os.name: Windows 7
17:48:26,403 DEBUG [ServerInfo]     sun.boot.class.path: F:\eclipse_workspace_4.4\jndi-jboss422-snippets\server\jboss-4.2.2.GA\lib\endorsed\serializer.jar;F:\eclipse_workspace_4.4\jndi-jboss422-snippets\server\jboss-4.2.2.GA\lib\endorsed\xalan.jar;F:\eclipse_workspace_4.4\jndi-jboss422-snippets\server\jboss-4.2.2.GA\lib\endorsed\xercesImpl.jar;C:\jdk\jdk1.8.0_45\jre\lib\resources.jar;C:\jdk\jdk1.8.0_45\jre\lib\rt.jar;C:\jdk\jdk1.8.0_45\jre\lib\sunrsasign.jar;C:\jdk\jdk1.8.0_45\jre\lib\jsse.jar;C:\jdk\jdk1.8.0_45\jre\lib\jce.jar;C:\jdk\jdk1.8.0_45\jre\lib\charsets.jar;C:\jdk\jdk1.8.0_45\jre\lib\jfr.jar;C:\jdk\jdk1.8.0_45\jre\classes
17:48:26,403 DEBUG [ServerInfo]     sun.desktop: windows
17:48:26,403 DEBUG [ServerInfo]     java.vm.specification.vendor: Oracle Corporation
17:48:26,403 DEBUG [ServerInfo]     java.runtime.version: 1.8.0_45-b14
17:48:26,403 DEBUG [ServerInfo]     user.name: cyrus
17:48:26,403 DEBUG [ServerInfo]     jboss.bind.address: 127.0.0.1
17:48:26,403 DEBUG [ServerInfo]     jboss.home.dir: F:\eclipse_workspace_4.4\jndi-jboss422-snippets\server\jboss-4.2.2.GA
17:48:26,403 DEBUG [ServerInfo]     user.language: en
17:48:26,403 DEBUG [ServerInfo]     sun.boot.library.path: C:\jdk\jdk1.8.0_45\jre\bin
17:48:26,403 DEBUG [ServerInfo]     jboss.home.url: file:/F:/eclipse_workspace_4.4/jndi-jboss422-snippets/server/jboss-4.2.2.GA/
17:48:26,403 DEBUG [ServerInfo]     java.version: 1.8.0_45
17:48:26,403 DEBUG [ServerInfo]     user.timezone: Asia/Shanghai
17:48:26,403 DEBUG [ServerInfo]     jboss.server.home.dir: F:\eclipse_workspace_4.4\jndi-jboss422-snippets\server\jboss-4.2.2.GA\server\default
17:48:26,403 DEBUG [ServerInfo]     sun.arch.data.model: 64
17:48:26,403 DEBUG [ServerInfo]     java.endorsed.dirs: F:\eclipse_workspace_4.4\jndi-jboss422-snippets\server\jboss-4.2.2.GA\lib\endorsed
17:48:26,403 DEBUG [ServerInfo]     jboss.server.home.url: file:/F:/eclipse_workspace_4.4/jndi-jboss422-snippets/server/jboss-4.2.2.GA/server/default/
17:48:26,403 DEBUG [ServerInfo]     sun.cpu.isalist: amd64
17:48:26,403 DEBUG [ServerInfo]     sun.jnu.encoding: Cp1252
17:48:26,403 DEBUG [ServerInfo]     file.encoding.pkg: sun.io
17:48:26,403 DEBUG [ServerInfo]     file.separator: \
17:48:26,403 DEBUG [ServerInfo]     java.specification.name: Java Platform API Specification
17:48:26,403 DEBUG [ServerInfo]     java.class.version: 52.0
17:48:26,403 DEBUG [ServerInfo]     jboss.server.config.url: file:/F:/eclipse_workspace_4.4/jndi-jboss422-snippets/server/jboss-4.2.2.GA/server/default/conf/
17:48:26,403 DEBUG [ServerInfo]     user.country: US
17:48:26,403 DEBUG [ServerInfo]     java.home: C:\jdk\jdk1.8.0_45\jre
17:48:26,403 DEBUG [ServerInfo]     java.vm.info: mixed mode
17:48:26,403 DEBUG [ServerInfo]     jboss.lib.url: file:/F:/eclipse_workspace_4.4/jndi-jboss422-snippets/server/jboss-4.2.2.GA/lib/
17:48:26,403 DEBUG [ServerInfo]     os.version: 6.1
17:48:26,403 DEBUG [ServerInfo]     path.separator: ;
17:48:26,403 DEBUG [ServerInfo]     java.vm.version: 25.45-b02
17:48:26,403 DEBUG [ServerInfo]     user.variant: 
17:48:26,404 DEBUG [ServerInfo]     java.protocol.handler.pkgs: org.jboss.net.protocol
17:48:26,404 DEBUG [ServerInfo]     java.awt.printerjob: sun.awt.windows.WPrinterJob
17:48:26,404 DEBUG [ServerInfo]     sun.io.unicode.encoding: UnicodeLittle
17:48:26,404 DEBUG [ServerInfo]     awt.toolkit: sun.awt.windows.WToolkit
17:48:26,404 DEBUG [ServerInfo]     user.script: 
17:48:26,404 DEBUG [ServerInfo]     jboss.server.temp.dir: F:\eclipse_workspace_4.4\jndi-jboss422-snippets\server\jboss-4.2.2.GA\server\default\tmp
17:48:26,404 DEBUG [ServerInfo]     sun.rmi.dgc.client.gcInterval: 3600000
17:48:26,404 DEBUG [ServerInfo]     user.home: C:\Users\cyrus
17:48:26,404 DEBUG [ServerInfo]     java.specification.vendor: Oracle Corporation
17:48:26,404 DEBUG [ServerInfo]     java.library.path: C:\jdk\jdk1.8.0_45\bin;C:\Windows\Sun\Java\bin;C:\Windows\system32;C:\Windows;C:\ProgramData\Oracle\Java\javapath;C:\Windows\system32;C:\Windows;C:\Windows\System32\Wbem;C:\Windows\System32\WindowsPowerShell\v1.0\;C:\Program Files\Intel\DMIX;C:\maven\apache-maven-3.2.5\bin;C:\Windows\System32\Windows System Resource Manager\bin;;C:\Windows\idmu\common;.
17:48:26,404 DEBUG [ServerInfo]     java.vendor.url: http://java.oracle.com/
17:48:26,404 DEBUG [ServerInfo]     program.name: run.bat
17:48:26,404 DEBUG [ServerInfo]     java.vm.vendor: Oracle Corporation
17:48:26,404 DEBUG [ServerInfo]     sun.rmi.dgc.server.gcInterval: 3600000
17:48:26,404 DEBUG [ServerInfo]     java.runtime.name: Java(TM) SE Runtime Environment
17:48:26,404 DEBUG [ServerInfo]     sun.java.command: org.jboss.Main
17:48:26,404 DEBUG [ServerInfo]     java.class.path: C:\jdk\jdk1.8.0_45\lib\tools.jar;F:\eclipse_workspace_4.4\jndi-jboss422-snippets\server\jboss-4.2.2.GA\bin\run.jar
17:48:26,404 DEBUG [ServerInfo]     jboss.server.log.dir: F:\eclipse_workspace_4.4\jndi-jboss422-snippets\server\jboss-4.2.2.GA\server\default\log
17:48:26,404 DEBUG [ServerInfo]     jbossmx.loader.repository.class: org.jboss.mx.loading.UnifiedLoaderRepository3
17:48:26,404 DEBUG [ServerInfo]     java.vm.specification.name: Java Virtual Machine Specification
17:48:26,404 DEBUG [ServerInfo]     java.vm.specification.version: 1.8
17:48:26,404 DEBUG [ServerInfo]     sun.cpu.endian: little
17:48:26,404 DEBUG [ServerInfo]     sun.os.patch.level: Service Pack 1
17:48:26,404 DEBUG [ServerInfo]     jboss.server.lib.url: file:/F:/eclipse_workspace_4.4/jndi-jboss422-snippets/server/jboss-4.2.2.GA/server/default/lib/
17:48:26,404 DEBUG [ServerInfo]     java.io.tmpdir: C:\Users\cyrus\AppData\Local\Temp\
17:48:26,404 DEBUG [ServerInfo]     java.vendor.url.bug: http://bugreport.sun.com/bugreport/
17:48:26,404 DEBUG [ServerInfo]     jboss.server.data.dir: F:\eclipse_workspace_4.4\jndi-jboss422-snippets\server\jboss-4.2.2.GA\server\default\data
17:48:26,404 DEBUG [ServerInfo]     java.rmi.server.hostname: 127.0.0.1
17:48:26,404 DEBUG [ServerInfo]     os.arch: amd64
17:48:26,404 DEBUG [ServerInfo]     java.awt.graphicsenv: sun.awt.Win32GraphicsEnvironment
17:48:26,404 DEBUG [ServerInfo]     java.ext.dirs: C:\jdk\jdk1.8.0_45\jre\lib\ext;C:\Windows\Sun\Java\lib\ext
17:48:26,404 DEBUG [ServerInfo]     user.dir: F:\eclipse_workspace_4.4\jndi-jboss422-snippets\server\jboss-4.2.2.GA\bin
17:48:26,405 DEBUG [ServerInfo]     line.separator: 

17:48:26,405 DEBUG [ServerInfo]     java.vm.name: Java HotSpot(TM) 64-Bit Server VM
17:48:26,405 DEBUG [ServerInfo]     jboss.server.base.dir: F:\eclipse_workspace_4.4\jndi-jboss422-snippets\server\jboss-4.2.2.GA\server
17:48:26,405 DEBUG [ServerInfo]     jboss.server.base.url: file:/F:/eclipse_workspace_4.4/jndi-jboss422-snippets/server/jboss-4.2.2.GA/server/
17:48:26,405 DEBUG [ServerInfo]     javax.management.builder.initial: org.jboss.mx.server.MBeanServerBuilderImpl
17:48:26,405 DEBUG [ServerInfo]     file.encoding: Cp1252
17:48:26,405 DEBUG [ServerInfo]     java.specification.version: 1.8
17:48:26,405 DEBUG [ServerInfo]     jboss.server.name: default
17:48:26,408 DEBUG [Server] Created system MBean: jboss.system:type=ServerInfo
17:48:26,411 DEBUG [Server] Failed to create xmbean for: org.jboss.system.ServiceController
17:48:26,420 DEBUG [ServiceController] Controller MBean online
17:48:26,420 DEBUG [Server] Created system MBean: jboss.system:service=ServiceController
17:48:26,467 DEBUG [Server] Created system XMBean: jboss.system:service=MainDeployer
17:48:26,467 DEBUG [ServiceController] Creating service jboss.system:service=MainDeployer
17:48:26,471 DEBUG [MainDeployer] Creating jboss.system:service=MainDeployer
17:48:26,478 DEBUG [Files] Failed to delete dir: F:\eclipse_workspace_4.4\jndi-jboss422-snippets\server\jboss-4.2.2.GA\server\default\tmp\deploy
17:48:26,479 DEBUG [MainDeployer] Created jboss.system:service=MainDeployer
17:48:26,479 DEBUG [ServiceController] Creating dependent components for: jboss.system:service=MainDeployer dependents are: []
17:48:26,479 DEBUG [ServiceController] starting service jboss.system:service=MainDeployer
17:48:26,479 DEBUG [MainDeployer] Starting jboss.system:service=MainDeployer
17:48:26,479 DEBUG [MainDeployer] Started jboss.system:service=MainDeployer
17:48:26,479 DEBUG [ServiceController] Starting dependent components for: jboss.system:service=MainDeployer dependent components: []
17:48:26,480 DEBUG [Server] Shutdown hook added
17:48:26,509 DEBUG [Server] Created system XMBean: jboss.system:service=JARDeployer
17:48:26,509 DEBUG [ServiceController] Creating service jboss.system:service=JARDeployer
17:48:26,509 DEBUG [JARDeployer] Creating jboss.system:service=JARDeployer
17:48:26,515 DEBUG [JARDeployer] Created jboss.system:service=JARDeployer
17:48:26,515 DEBUG [ServiceController] Creating dependent components for: jboss.system:service=JARDeployer dependents are: []
17:48:26,515 DEBUG [ServiceController] starting service jboss.system:service=JARDeployer
17:48:26,515 DEBUG [JARDeployer] Starting jboss.system:service=JARDeployer
17:48:26,515 DEBUG [MainDeployer] Adding deployer: org.jboss.deployment.JARDeployer@ca331c3
17:48:26,515 DEBUG [SuffixOrderHelper] Static suffix exists; ignoring request for adding enhanced suffix: 700:.jar
17:48:26,515 DEBUG [JARDeployer] Started jboss.system:service=JARDeployer
17:48:26,515 DEBUG [ServiceController] Starting dependent components for: jboss.system:service=JARDeployer dependent components: []
17:48:26,526 DEBUG [Server] Created system XMBean: jboss.system:service=ServiceDeployer
17:48:26,526 DEBUG [ServiceController] Creating service jboss.system:service=ServiceDeployer
17:48:26,526 DEBUG [SARDeployer] Creating jboss.system:service=ServiceDeployer
17:48:26,530 DEBUG [SARDeployer] Created jboss.system:service=ServiceDeployer
17:48:26,530 DEBUG [ServiceController] Creating dependent components for: jboss.system:service=ServiceDeployer dependents are: []
17:48:26,530 DEBUG [ServiceController] starting service jboss.system:service=ServiceDeployer
17:48:26,530 DEBUG [SARDeployer] Starting jboss.system:service=ServiceDeployer
17:48:26,530 DEBUG [MainDeployer] Adding deployer: org.jboss.deployment.SARDeployer@2dc2258a
17:48:26,533 DEBUG [SARDeployer] Started jboss.system:service=ServiceDeployer
17:48:26,533 DEBUG [ServiceController] Starting dependent components for: jboss.system:service=ServiceDeployer dependent components: []
17:48:26,533 INFO  [Server] Core system initialized
17:48:26,538 DEBUG [MainDeployer] Starting deployment of package: file:/F:/eclipse_workspace_4.4/jndi-jboss422-snippets/server/jboss-4.2.2.GA/server/default/conf/jboss-service.xml
17:48:26,538 DEBUG [MainDeployer] Starting deployment (init step) of package at: file:/F:/eclipse_workspace_4.4/jndi-jboss422-snippets/server/jboss-4.2.2.GA/server/default/conf/jboss-service.xml
17:48:26,626 DEBUG [MainDeployer] Copying file:/F:/eclipse_workspace_4.4/jndi-jboss422-snippets/server/jboss-4.2.2.GA/server/default/conf/jboss-service.xml -> F:\eclipse_workspace_4.4\jndi-jboss422-snippets\server\jboss-4.2.2.GA\server\default\tmp\deploy\tmp1626092461327525430jboss-service.xml
17:48:26,631 DEBUG [MainDeployer] using deployer org.jboss.deployment.SARDeployer@2dc2258a
17:48:26,648 DEBUG [SARDeployer] Found classpath element: [classpath: null]
17:48:26,650 DEBUG [SARDeployer] codebase URL is file:/F:/eclipse_workspace_4.4/jndi-jboss422-snippets/server/jboss-4.2.2.GA/server/default/lib/
17:48:26,650 DEBUG [SARDeployer] listing codebase for archives matching *
17:48:26,653 DEBUG [SARDeployer] URLLister class is org.jboss.net.protocol.file.FileURLLister
17:48:26,655 DEBUG [SARDeployer] deployed classes for file:/F:/eclipse_workspace_4.4/jndi-jboss422-snippets/server/jboss-4.2.2.GA/server/default/lib/activation.jar
17:48:26,655 DEBUG [SARDeployer] deployed classes for file:/F:/eclipse_workspace_4.4/jndi-jboss422-snippets/server/jboss-4.2.2.GA/server/default/lib/antlr.jar
17:48:26,655 DEBUG [SARDeployer] deployed classes for file:/F:/eclipse_workspace_4.4/jndi-jboss422-snippets/server/jboss-4.2.2.GA/server/default/lib/autonumber-plugin.jar
17:48:26,655 DEBUG [SARDeployer] deployed classes for file:/F:/eclipse_workspace_4.4/jndi-jboss422-snippets/server/jboss-4.2.2.GA/server/default/lib/bcel.jar
17:48:26,655 DEBUG [SARDeployer] deployed classes for file:/F:/eclipse_workspace_4.4/jndi-jboss422-snippets/server/jboss-4.2.2.GA/server/default/lib/bindingservice-plugin.jar
17:48:26,655 DEBUG [SARDeployer] deployed classes for file:/F:/eclipse_workspace_4.4/jndi-jboss422-snippets/server/jboss-4.2.2.GA/server/default/lib/bsf.jar
17:48:26,655 DEBUG [SARDeployer] deployed classes for file:/F:/eclipse_workspace_4.4/jndi-jboss422-snippets/server/jboss-4.2.2.GA/server/default/lib/bsh-deployer.jar
17:48:26,655 DEBUG [SARDeployer] deployed classes for file:/F:/eclipse_workspace_4.4/jndi-jboss422-snippets/server/jboss-4.2.2.GA/server/default/lib/bsh.jar
17:48:26,655 DEBUG [SARDeployer] deployed classes for file:/F:/eclipse_workspace_4.4/jndi-jboss422-snippets/server/jboss-4.2.2.GA/server/default/lib/cglib.jar
17:48:26,655 DEBUG [SARDeployer] deployed classes for file:/F:/eclipse_workspace_4.4/jndi-jboss422-snippets/server/jboss-4.2.2.GA/server/default/lib/commons-codec.jar
17:48:26,655 DEBUG [SARDeployer] deployed classes for file:/F:/eclipse_workspace_4.4/jndi-jboss422-snippets/server/jboss-4.2.2.GA/server/default/lib/commons-collections.jar
17:48:26,655 DEBUG [SARDeployer] deployed classes for file:/F:/eclipse_workspace_4.4/jndi-jboss422-snippets/server/jboss-4.2.2.GA/server/default/lib/commons-httpclient.jar
17:48:26,655 DEBUG [SARDeployer] deployed classes for file:/F:/eclipse_workspace_4.4/jndi-jboss422-snippets/server/jboss-4.2.2.GA/server/default/lib/commons-logging.jar
17:48:26,655 DEBUG [SARDeployer] deployed classes for file:/F:/eclipse_workspace_4.4/jndi-jboss422-snippets/server/jboss-4.2.2.GA/server/default/lib/dom4j.jar
17:48:26,655 DEBUG [SARDeployer] deployed classes for file:/F:/eclipse_workspace_4.4/jndi-jboss422-snippets/server/jboss-4.2.2.GA/server/default/lib/ejb3-persistence.jar
17:48:26,655 DEBUG [SARDeployer] deployed classes for file:/F:/eclipse_workspace_4.4/jndi-jboss422-snippets/server/jboss-4.2.2.GA/server/default/lib/el-api.jar
17:48:26,655 DEBUG [SARDeployer] deployed classes for file:/F:/eclipse_workspace_4.4/jndi-jboss422-snippets/server/jboss-4.2.2.GA/server/default/lib/hibernate-annotations.jar
17:48:26,655 DEBUG [SARDeployer] deployed classes for file:/F:/eclipse_workspace_4.4/jndi-jboss422-snippets/server/jboss-4.2.2.GA/server/default/lib/hibernate-entitymanager.jar
17:48:26,655 DEBUG [SARDeployer] deployed classes for file:/F:/eclipse_workspace_4.4/jndi-jboss422-snippets/server/jboss-4.2.2.GA/server/default/lib/hibernate3.jar
17:48:26,655 DEBUG [SARDeployer] deployed classes for file:/F:/eclipse_workspace_4.4/jndi-jboss422-snippets/server/jboss-4.2.2.GA/server/default/lib/hsqldb-plugin.jar
17:48:26,655 DEBUG [SARDeployer] deployed classes for file:/F:/eclipse_workspace_4.4/jndi-jboss422-snippets/server/jboss-4.2.2.GA/server/default/lib/hsqldb.jar
17:48:26,656 DEBUG [SARDeployer] deployed classes for file:/F:/eclipse_workspace_4.4/jndi-jboss422-snippets/server/jboss-4.2.2.GA/server/default/lib/javassist.jar
17:48:26,656 DEBUG [SARDeployer] deployed classes for file:/F:/eclipse_workspace_4.4/jndi-jboss422-snippets/server/jboss-4.2.2.GA/server/default/lib/jaxen.jar
17:48:26,656 DEBUG [SARDeployer] deployed classes for file:/F:/eclipse_workspace_4.4/jndi-jboss422-snippets/server/jboss-4.2.2.GA/server/default/lib/jboss-cache-jdk50.jar
17:48:26,656 DEBUG [SARDeployer] deployed classes for file:/F:/eclipse_workspace_4.4/jndi-jboss422-snippets/server/jboss-4.2.2.GA/server/default/lib/jboss-common-jdbc-wrapper.jar
17:48:26,656 DEBUG [SARDeployer] deployed classes for file:/F:/eclipse_workspace_4.4/jndi-jboss422-snippets/server/jboss-4.2.2.GA/server/default/lib/jboss-ejb3x.jar
17:48:26,656 DEBUG [SARDeployer] deployed classes for file:/F:/eclipse_workspace_4.4/jndi-jboss422-snippets/server/jboss-4.2.2.GA/server/default/lib/jboss-hibernate.jar
17:48:26,656 DEBUG [SARDeployer] deployed classes for file:/F:/eclipse_workspace_4.4/jndi-jboss422-snippets/server/jboss-4.2.2.GA/server/default/lib/jboss-j2ee.jar
17:48:26,656 DEBUG [SARDeployer] deployed classes for file:/F:/eclipse_workspace_4.4/jndi-jboss422-snippets/server/jboss-4.2.2.GA/server/default/lib/jboss-jaxrpc.jar
17:48:26,656 DEBUG [SARDeployer] deployed classes for file:/F:/eclipse_workspace_4.4/jndi-jboss422-snippets/server/jboss-4.2.2.GA/server/default/lib/jboss-jaxws.jar
17:48:26,656 DEBUG [SARDeployer] deployed classes for file:/F:/eclipse_workspace_4.4/jndi-jboss422-snippets/server/jboss-4.2.2.GA/server/default/lib/jboss-jca.jar
17:48:26,656 DEBUG [SARDeployer] deployed classes for file:/F:/eclipse_workspace_4.4/jndi-jboss422-snippets/server/jboss-4.2.2.GA/server/default/lib/jboss-jsr77.jar
17:48:26,656 DEBUG [SARDeployer] deployed classes for file:/F:/eclipse_workspace_4.4/jndi-jboss422-snippets/server/jboss-4.2.2.GA/server/default/lib/jboss-jsr88.jar
17:48:26,656 DEBUG [SARDeployer] deployed classes for file:/F:/eclipse_workspace_4.4/jndi-jboss422-snippets/server/jboss-4.2.2.GA/server/default/lib/jboss-management.jar
17:48:26,656 DEBUG [SARDeployer] deployed classes for file:/F:/eclipse_workspace_4.4/jndi-jboss422-snippets/server/jboss-4.2.2.GA/server/default/lib/jboss-monitoring.jar
17:48:26,656 DEBUG [SARDeployer] deployed classes for file:/F:/eclipse_workspace_4.4/jndi-jboss422-snippets/server/jboss-4.2.2.GA/server/default/lib/jboss-remoting-int.jar
17:48:26,656 DEBUG [SARDeployer] deployed classes for file:/F:/eclipse_workspace_4.4/jndi-jboss422-snippets/server/jboss-4.2.2.GA/server/default/lib/jboss-remoting.jar
17:48:26,656 DEBUG [SARDeployer] deployed classes for file:/F:/eclipse_workspace_4.4/jndi-jboss422-snippets/server/jboss-4.2.2.GA/server/default/lib/jboss-saaj.jar
17:48:26,656 DEBUG [SARDeployer] deployed classes for file:/F:/eclipse_workspace_4.4/jndi-jboss422-snippets/server/jboss-4.2.2.GA/server/default/lib/jboss-serialization.jar
17:48:26,656 DEBUG [SARDeployer] deployed classes for file:/F:/eclipse_workspace_4.4/jndi-jboss422-snippets/server/jboss-4.2.2.GA/server/default/lib/jboss-srp.jar
17:48:26,656 DEBUG [SARDeployer] deployed classes for file:/F:/eclipse_workspace_4.4/jndi-jboss422-snippets/server/jboss-4.2.2.GA/server/default/lib/jboss-transaction.jar
17:48:26,656 DEBUG [SARDeployer] deployed classes for file:/F:/eclipse_workspace_4.4/jndi-jboss422-snippets/server/jboss-4.2.2.GA/server/default/lib/jboss-vfs.jar
17:48:26,656 DEBUG [SARDeployer] deployed classes for file:/F:/eclipse_workspace_4.4/jndi-jboss422-snippets/server/jboss-4.2.2.GA/server/default/lib/jboss.jar
17:48:26,656 DEBUG [SARDeployer] deployed classes for file:/F:/eclipse_workspace_4.4/jndi-jboss422-snippets/server/jboss-4.2.2.GA/server/default/lib/jbossjta-integration.jar
17:48:26,656 DEBUG [SARDeployer] deployed classes for file:/F:/eclipse_workspace_4.4/jndi-jboss422-snippets/server/jboss-4.2.2.GA/server/default/lib/jbossjta.jar
17:48:26,656 DEBUG [SARDeployer] deployed classes for file:/F:/eclipse_workspace_4.4/jndi-jboss422-snippets/server/jboss-4.2.2.GA/server/default/lib/jbossmq.jar
17:48:26,656 DEBUG [SARDeployer] deployed classes for file:/F:/eclipse_workspace_4.4/jndi-jboss422-snippets/server/jboss-4.2.2.GA/server/default/lib/jbosssx.jar
17:48:26,656 DEBUG [SARDeployer] deployed classes for file:/F:/eclipse_workspace_4.4/jndi-jboss422-snippets/server/jboss-4.2.2.GA/server/default/lib/jbossts-common.jar
17:48:26,656 DEBUG [SARDeployer] deployed classes for file:/F:/eclipse_workspace_4.4/jndi-jboss422-snippets/server/jboss-4.2.2.GA/server/default/lib/jbossws-common.jar
17:48:26,656 DEBUG [SARDeployer] deployed classes for file:/F:/eclipse_workspace_4.4/jndi-jboss422-snippets/server/jboss-4.2.2.GA/server/default/lib/jbossws-framework.jar
17:48:26,656 DEBUG [SARDeployer] deployed classes for file:/F:/eclipse_workspace_4.4/jndi-jboss422-snippets/server/jboss-4.2.2.GA/server/default/lib/jbossws-jboss42.jar
17:48:26,656 DEBUG [SARDeployer] deployed classes for file:/F:/eclipse_workspace_4.4/jndi-jboss422-snippets/server/jboss-4.2.2.GA/server/default/lib/jbossws-spi.jar
17:48:26,656 DEBUG [SARDeployer] deployed classes for file:/F:/eclipse_workspace_4.4/jndi-jboss422-snippets/server/jboss-4.2.2.GA/server/default/lib/jmx-adaptor-plugin.jar
17:48:26,656 DEBUG [SARDeployer] deployed classes for file:/F:/eclipse_workspace_4.4/jndi-jboss422-snippets/server/jboss-4.2.2.GA/server/default/lib/jnpserver.jar
17:48:26,656 DEBUG [SARDeployer] deployed classes for file:/F:/eclipse_workspace_4.4/jndi-jboss422-snippets/server/jboss-4.2.2.GA/server/default/lib/joesnmp.jar
17:48:26,656 DEBUG [SARDeployer] deployed classes for file:/F:/eclipse_workspace_4.4/jndi-jboss422-snippets/server/jboss-4.2.2.GA/server/default/lib/jpl-pattern.jar
17:48:26,656 DEBUG [SARDeployer] deployed classes for file:/F:/eclipse_workspace_4.4/jndi-jboss422-snippets/server/jboss-4.2.2.GA/server/default/lib/jpl-util.jar
17:48:26,656 DEBUG [SARDeployer] deployed classes for file:/F:/eclipse_workspace_4.4/jndi-jboss422-snippets/server/jboss-4.2.2.GA/server/default/lib/jsp-api.jar
17:48:26,656 DEBUG [SARDeployer] deployed classes for file:/F:/eclipse_workspace_4.4/jndi-jboss422-snippets/server/jboss-4.2.2.GA/server/default/lib/log4j-snmp-appender.jar
17:48:26,656 DEBUG [SARDeployer] deployed classes for file:/F:/eclipse_workspace_4.4/jndi-jboss422-snippets/server/jboss-4.2.2.GA/server/default/lib/log4j.jar
17:48:26,656 DEBUG [SARDeployer] deployed classes for file:/F:/eclipse_workspace_4.4/jndi-jboss422-snippets/server/jboss-4.2.2.GA/server/default/lib/mail-plugin.jar
17:48:26,656 DEBUG [SARDeployer] deployed classes for file:/F:/eclipse_workspace_4.4/jndi-jboss422-snippets/server/jboss-4.2.2.GA/server/default/lib/mail.jar
17:48:26,656 DEBUG [SARDeployer] deployed classes for file:/F:/eclipse_workspace_4.4/jndi-jboss422-snippets/server/jboss-4.2.2.GA/server/default/lib/mysql-connector-java-5.1.9.jar
17:48:26,656 DEBUG [SARDeployer] deployed classes for file:/F:/eclipse_workspace_4.4/jndi-jboss422-snippets/server/jboss-4.2.2.GA/server/default/lib/properties-plugin.jar
17:48:26,656 DEBUG [SARDeployer] deployed classes for file:/F:/eclipse_workspace_4.4/jndi-jboss422-snippets/server/jboss-4.2.2.GA/server/default/lib/quartz.jar
17:48:26,656 DEBUG [SARDeployer] deployed classes for file:/F:/eclipse_workspace_4.4/jndi-jboss422-snippets/server/jboss-4.2.2.GA/server/default/lib/scheduler-plugin-example.jar
17:48:26,656 DEBUG [SARDeployer] deployed classes for file:/F:/eclipse_workspace_4.4/jndi-jboss422-snippets/server/jboss-4.2.2.GA/server/default/lib/scheduler-plugin.jar
17:48:26,656 DEBUG [SARDeployer] deployed classes for file:/F:/eclipse_workspace_4.4/jndi-jboss422-snippets/server/jboss-4.2.2.GA/server/default/lib/servlet-api.jar
17:48:26,656 DEBUG [SARDeployer] deployed classes for file:/F:/eclipse_workspace_4.4/jndi-jboss422-snippets/server/jboss-4.2.2.GA/server/default/lib/xmlentitymgr.jar
17:48:26,657 DEBUG [SARDeployer] about to copy 0 local directories
17:48:26,657 DEBUG [SARDeployer] looking for nested deployments in : file:/F:/eclipse_workspace_4.4/jndi-jboss422-snippets/server/jboss-4.2.2.GA/server/default/conf/jboss-service.xml
17:48:26,658 DEBUG [DeploymentInfo] createLoaderRepository from config: LoaderRepositoryConfig(repositoryName: JMImplementation:service=LoaderRepository,name=Default, repositoryClassName: null, configParserClassName: null, repositoryConfig: null)
17:48:26,658 DEBUG [RepositoryClassLoader] setRepository, repository=org.jboss.mx.loading.UnifiedLoaderRepository3@47ff1366, cl=org.jboss.mx.loading.UnifiedClassLoader3@2fd1ed8d{ url=null ,addedOrder=0}
17:48:26,658 DEBUG [RepositoryClassLoader] setRepository, repository=org.jboss.mx.loading.UnifiedLoaderRepository3@47ff1366, cl=org.jboss.mx.loading.UnifiedClassLoader3@2fd1ed8d{ url=null ,addedOrder=0}
17:48:26,658 DEBUG [UnifiedLoaderRepository3] Adding org.jboss.mx.loading.UnifiedClassLoader3@2fd1ed8d{ url=null ,addedOrder=0}
17:48:26,662 DEBUG [RepositoryClassLoader] Added url: file:/F:/eclipse_workspace_4.4/jndi-jboss422-snippets/server/jboss-4.2.2.GA/server/default/lib/activation.jar, to ucl: org.jboss.mx.loading.UnifiedClassLoader3@2fd1ed8d{ url=null ,addedOrder=2}
17:48:26,678 DEBUG [RepositoryClassLoader] Added url: file:/F:/eclipse_workspace_4.4/jndi-jboss422-snippets/server/jboss-4.2.2.GA/server/default/lib/antlr.jar, to ucl: org.jboss.mx.loading.UnifiedClassLoader3@2fd1ed8d{ url=null ,addedOrder=2}
17:48:26,678 DEBUG [RepositoryClassLoader] Added url: file:/F:/eclipse_workspace_4.4/jndi-jboss422-snippets/server/jboss-4.2.2.GA/server/default/lib/autonumber-plugin.jar, to ucl: org.jboss.mx.loading.UnifiedClassLoader3@2fd1ed8d{ url=null ,addedOrder=2}
17:48:26,695 DEBUG [RepositoryClassLoader] Added url: file:/F:/eclipse_workspace_4.4/jndi-jboss422-snippets/server/jboss-4.2.2.GA/server/default/lib/bcel.jar, to ucl: org.jboss.mx.loading.UnifiedClassLoader3@2fd1ed8d{ url=null ,addedOrder=2}
17:48:26,696 DEBUG [RepositoryClassLoader] Added url: file:/F:/eclipse_workspace_4.4/jndi-jboss422-snippets/server/jboss-4.2.2.GA/server/default/lib/bindingservice-plugin.jar, to ucl: org.jboss.mx.loading.UnifiedClassLoader3@2fd1ed8d{ url=null ,addedOrder=2}
17:48:26,702 DEBUG [RepositoryClassLoader] Added url: file:/F:/eclipse_workspace_4.4/jndi-jboss422-snippets/server/jboss-4.2.2.GA/server/default/lib/bsf.jar, to ucl: org.jboss.mx.loading.UnifiedClassLoader3@2fd1ed8d{ url=null ,addedOrder=2}
17:48:26,702 DEBUG [RepositoryClassLoader] Added url: file:/F:/eclipse_workspace_4.4/jndi-jboss422-snippets/server/jboss-4.2.2.GA/server/default/lib/bsh-deployer.jar, to ucl: org.jboss.mx.loading.UnifiedClassLoader3@2fd1ed8d{ url=null ,addedOrder=2}
17:48:26,710 DEBUG [RepositoryClassLoader] Added url: file:/F:/eclipse_workspace_4.4/jndi-jboss422-snippets/server/jboss-4.2.2.GA/server/default/lib/bsh.jar, to ucl: org.jboss.mx.loading.UnifiedClassLoader3@2fd1ed8d{ url=null ,addedOrder=2}
17:48:26,710 DEBUG [ClassLoaderUtils] Multiple class loaders found for pkg: 
17:48:26,720 DEBUG [RepositoryClassLoader] Added url: file:/F:/eclipse_workspace_4.4/jndi-jboss422-snippets/server/jboss-4.2.2.GA/server/default/lib/cglib.jar, to ucl: org.jboss.mx.loading.UnifiedClassLoader3@2fd1ed8d{ url=null ,addedOrder=2}
17:48:26,721 DEBUG [RepositoryClassLoader] Added url: file:/F:/eclipse_workspace_4.4/jndi-jboss422-snippets/server/jboss-4.2.2.GA/server/default/lib/commons-codec.jar, to ucl: org.jboss.mx.loading.UnifiedClassLoader3@2fd1ed8d{ url=null ,addedOrder=2}
17:48:26,737 DEBUG [RepositoryClassLoader] Added url: file:/F:/eclipse_workspace_4.4/jndi-jboss422-snippets/server/jboss-4.2.2.GA/server/default/lib/commons-collections.jar, to ucl: org.jboss.mx.loading.UnifiedClassLoader3@2fd1ed8d{ url=null ,addedOrder=2}
17:48:26,744 DEBUG [RepositoryClassLoader] Added url: file:/F:/eclipse_workspace_4.4/jndi-jboss422-snippets/server/jboss-4.2.2.GA/server/default/lib/commons-httpclient.jar, to ucl: org.jboss.mx.loading.UnifiedClassLoader3@2fd1ed8d{ url=null ,addedOrder=2}
17:48:26,745 DEBUG [RepositoryClassLoader] Added url: file:/F:/eclipse_workspace_4.4/jndi-jboss422-snippets/server/jboss-4.2.2.GA/server/default/lib/commons-logging.jar, to ucl: org.jboss.mx.loading.UnifiedClassLoader3@2fd1ed8d{ url=null ,addedOrder=2}
17:48:26,754 DEBUG [RepositoryClassLoader] Added url: file:/F:/eclipse_workspace_4.4/jndi-jboss422-snippets/server/jboss-4.2.2.GA/server/default/lib/dom4j.jar, to ucl: org.jboss.mx.loading.UnifiedClassLoader3@2fd1ed8d{ url=null ,addedOrder=2}
17:48:26,756 DEBUG [RepositoryClassLoader] Added url: file:/F:/eclipse_workspace_4.4/jndi-jboss422-snippets/server/jboss-4.2.2.GA/server/default/lib/ejb3-persistence.jar, to ucl: org.jboss.mx.loading.UnifiedClassLoader3@2fd1ed8d{ url=null ,addedOrder=2}
17:48:26,757 DEBUG [RepositoryClassLoader] Added url: file:/F:/eclipse_workspace_4.4/jndi-jboss422-snippets/server/jboss-4.2.2.GA/server/default/lib/el-api.jar, to ucl: org.jboss.mx.loading.UnifiedClassLoader3@2fd1ed8d{ url=null ,addedOrder=2}
17:48:26,770 DEBUG [RepositoryClassLoader] Added url: file:/F:/eclipse_workspace_4.4/jndi-jboss422-snippets/server/jboss-4.2.2.GA/server/default/lib/hibernate-annotations.jar, to ucl: org.jboss.mx.loading.UnifiedClassLoader3@2fd1ed8d{ url=null ,addedOrder=2}
17:48:26,773 DEBUG [RepositoryClassLoader] Added url: file:/F:/eclipse_workspace_4.4/jndi-jboss422-snippets/server/jboss-4.2.2.GA/server/default/lib/hibernate-entitymanager.jar, to ucl: org.jboss.mx.loading.UnifiedClassLoader3@2fd1ed8d{ url=null ,addedOrder=2}
17:48:26,834 DEBUG [RepositoryClassLoader] Added url: file:/F:/eclipse_workspace_4.4/jndi-jboss422-snippets/server/jboss-4.2.2.GA/server/default/lib/hibernate3.jar, to ucl: org.jboss.mx.loading.UnifiedClassLoader3@2fd1ed8d{ url=null ,addedOrder=2}
17:48:26,835 DEBUG [RepositoryClassLoader] Added url: file:/F:/eclipse_workspace_4.4/jndi-jboss422-snippets/server/jboss-4.2.2.GA/server/default/lib/hsqldb-plugin.jar, to ucl: org.jboss.mx.loading.UnifiedClassLoader3@2fd1ed8d{ url=null ,addedOrder=2}
17:48:26,853 DEBUG [RepositoryClassLoader] Added url: file:/F:/eclipse_workspace_4.4/jndi-jboss422-snippets/server/jboss-4.2.2.GA/server/default/lib/hsqldb.jar, to ucl: org.jboss.mx.loading.UnifiedClassLoader3@2fd1ed8d{ url=null ,addedOrder=2}
17:48:26,868 DEBUG [RepositoryClassLoader] Added url: file:/F:/eclipse_workspace_4.4/jndi-jboss422-snippets/server/jboss-4.2.2.GA/server/default/lib/javassist.jar, to ucl: org.jboss.mx.loading.UnifiedClassLoader3@2fd1ed8d{ url=null ,addedOrder=2}
17:48:26,875 DEBUG [RepositoryClassLoader] Added url: file:/F:/eclipse_workspace_4.4/jndi-jboss422-snippets/server/jboss-4.2.2.GA/server/default/lib/jaxen.jar, to ucl: org.jboss.mx.loading.UnifiedClassLoader3@2fd1ed8d{ url=null ,addedOrder=2}
17:48:26,894 DEBUG [RepositoryClassLoader] Added url: file:/F:/eclipse_workspace_4.4/jndi-jboss422-snippets/server/jboss-4.2.2.GA/server/default/lib/jboss-cache-jdk50.jar, to ucl: org.jboss.mx.loading.UnifiedClassLoader3@2fd1ed8d{ url=null ,addedOrder=2}
17:48:26,896 DEBUG [RepositoryClassLoader] Added url: file:/F:/eclipse_workspace_4.4/jndi-jboss422-snippets/server/jboss-4.2.2.GA/server/default/lib/jboss-common-jdbc-wrapper.jar, to ucl: org.jboss.mx.loading.UnifiedClassLoader3@2fd1ed8d{ url=null ,addedOrder=2}
17:48:26,897 DEBUG [RepositoryClassLoader] Added url: file:/F:/eclipse_workspace_4.4/jndi-jboss422-snippets/server/jboss-4.2.2.GA/server/default/lib/jboss-ejb3x.jar, to ucl: org.jboss.mx.loading.UnifiedClassLoader3@2fd1ed8d{ url=null ,addedOrder=2}
17:48:26,898 DEBUG [RepositoryClassLoader] Added url: file:/F:/eclipse_workspace_4.4/jndi-jboss422-snippets/server/jboss-4.2.2.GA/server/default/lib/jboss-hibernate.jar, to ucl: org.jboss.mx.loading.UnifiedClassLoader3@2fd1ed8d{ url=null ,addedOrder=2}
17:48:26,910 DEBUG [RepositoryClassLoader] Added url: file:/F:/eclipse_workspace_4.4/jndi-jboss422-snippets/server/jboss-4.2.2.GA/server/default/lib/jboss-j2ee.jar, to ucl: org.jboss.mx.loading.UnifiedClassLoader3@2fd1ed8d{ url=null ,addedOrder=2}
17:48:26,911 DEBUG [RepositoryClassLoader] Added url: file:/F:/eclipse_workspace_4.4/jndi-jboss422-snippets/server/jboss-4.2.2.GA/server/default/lib/jboss-jaxrpc.jar, to ucl: org.jboss.mx.loading.UnifiedClassLoader3@2fd1ed8d{ url=null ,addedOrder=2}
17:48:26,913 DEBUG [RepositoryClassLoader] Added url: file:/F:/eclipse_workspace_4.4/jndi-jboss422-snippets/server/jboss-4.2.2.GA/server/default/lib/jboss-jaxws.jar, to ucl: org.jboss.mx.loading.UnifiedClassLoader3@2fd1ed8d{ url=null ,addedOrder=2}
17:48:26,918 DEBUG [RepositoryClassLoader] Added url: file:/F:/eclipse_workspace_4.4/jndi-jboss422-snippets/server/jboss-4.2.2.GA/server/default/lib/jboss-jca.jar, to ucl: org.jboss.mx.loading.UnifiedClassLoader3@2fd1ed8d{ url=null ,addedOrder=2}
17:48:26,919 DEBUG [RepositoryClassLoader] Added url: file:/F:/eclipse_workspace_4.4/jndi-jboss422-snippets/server/jboss-4.2.2.GA/server/default/lib/jboss-jsr77.jar, to ucl: org.jboss.mx.loading.UnifiedClassLoader3@2fd1ed8d{ url=null ,addedOrder=2}
17:48:26,921 DEBUG [RepositoryClassLoader] Added url: file:/F:/eclipse_workspace_4.4/jndi-jboss422-snippets/server/jboss-4.2.2.GA/server/default/lib/jboss-jsr88.jar, to ucl: org.jboss.mx.loading.UnifiedClassLoader3@2fd1ed8d{ url=null ,addedOrder=2}
17:48:26,925 DEBUG [RepositoryClassLoader] Added url: file:/F:/eclipse_workspace_4.4/jndi-jboss422-snippets/server/jboss-4.2.2.GA/server/default/lib/jboss-management.jar, to ucl: org.jboss.mx.loading.UnifiedClassLoader3@2fd1ed8d{ url=null ,addedOrder=2}
17:48:26,927 DEBUG [RepositoryClassLoader] Added url: file:/F:/eclipse_workspace_4.4/jndi-jboss422-snippets/server/jboss-4.2.2.GA/server/default/lib/jboss-monitoring.jar, to ucl: org.jboss.mx.loading.UnifiedClassLoader3@2fd1ed8d{ url=null ,addedOrder=2}
17:48:26,928 DEBUG [RepositoryClassLoader] Added url: file:/F:/eclipse_workspace_4.4/jndi-jboss422-snippets/server/jboss-4.2.2.GA/server/default/lib/jboss-remoting-int.jar, to ucl: org.jboss.mx.loading.UnifiedClassLoader3@2fd1ed8d{ url=null ,addedOrder=2}
17:48:26,949 DEBUG [RepositoryClassLoader] Added url: file:/F:/eclipse_workspace_4.4/jndi-jboss422-snippets/server/jboss-4.2.2.GA/server/default/lib/jboss-remoting.jar, to ucl: org.jboss.mx.loading.UnifiedClassLoader3@2fd1ed8d{ url=null ,addedOrder=2}
17:48:26,950 DEBUG [RepositoryClassLoader] Added url: file:/F:/eclipse_workspace_4.4/jndi-jboss422-snippets/server/jboss-4.2.2.GA/server/default/lib/jboss-saaj.jar, to ucl: org.jboss.mx.loading.UnifiedClassLoader3@2fd1ed8d{ url=null ,addedOrder=2}
17:48:26,954 DEBUG [RepositoryClassLoader] Added url: file:/F:/eclipse_workspace_4.4/jndi-jboss422-snippets/server/jboss-4.2.2.GA/server/default/lib/jboss-serialization.jar, to ucl: org.jboss.mx.loading.UnifiedClassLoader3@2fd1ed8d{ url=null ,addedOrder=2}
17:48:26,956 DEBUG [RepositoryClassLoader] Added url: file:/F:/eclipse_workspace_4.4/jndi-jboss422-snippets/server/jboss-4.2.2.GA/server/default/lib/jboss-srp.jar, to ucl: org.jboss.mx.loading.UnifiedClassLoader3@2fd1ed8d{ url=null ,addedOrder=2}
17:48:26,957 DEBUG [RepositoryClassLoader] Added url: file:/F:/eclipse_workspace_4.4/jndi-jboss422-snippets/server/jboss-4.2.2.GA/server/default/lib/jboss-transaction.jar, to ucl: org.jboss.mx.loading.UnifiedClassLoader3@2fd1ed8d{ url=null ,addedOrder=2}
17:48:26,961 DEBUG [RepositoryClassLoader] Added url: file:/F:/eclipse_workspace_4.4/jndi-jboss422-snippets/server/jboss-4.2.2.GA/server/default/lib/jboss-vfs.jar, to ucl: org.jboss.mx.loading.UnifiedClassLoader3@2fd1ed8d{ url=null ,addedOrder=2}
17:48:27,012 DEBUG [RepositoryClassLoader] Added url: file:/F:/eclipse_workspace_4.4/jndi-jboss422-snippets/server/jboss-4.2.2.GA/server/default/lib/jboss.jar, to ucl: org.jboss.mx.loading.UnifiedClassLoader3@2fd1ed8d{ url=null ,addedOrder=2}
17:48:27,013 DEBUG [RepositoryClassLoader] Added url: file:/F:/eclipse_workspace_4.4/jndi-jboss422-snippets/server/jboss-4.2.2.GA/server/default/lib/jbossjta-integration.jar, to ucl: org.jboss.mx.loading.UnifiedClassLoader3@2fd1ed8d{ url=null ,addedOrder=2}
17:48:27,026 DEBUG [RepositoryClassLoader] Added url: file:/F:/eclipse_workspace_4.4/jndi-jboss422-snippets/server/jboss-4.2.2.GA/server/default/lib/jbossjta.jar, to ucl: org.jboss.mx.loading.UnifiedClassLoader3@2fd1ed8d{ url=null ,addedOrder=2}
17:48:27,039 DEBUG [RepositoryClassLoader] Added url: file:/F:/eclipse_workspace_4.4/jndi-jboss422-snippets/server/jboss-4.2.2.GA/server/default/lib/jbossmq.jar, to ucl: org.jboss.mx.loading.UnifiedClassLoader3@2fd1ed8d{ url=null ,addedOrder=2}
17:48:27,047 DEBUG [RepositoryClassLoader] Added url: file:/F:/eclipse_workspace_4.4/jndi-jboss422-snippets/server/jboss-4.2.2.GA/server/default/lib/jbosssx.jar, to ucl: org.jboss.mx.loading.UnifiedClassLoader3@2fd1ed8d{ url=null ,addedOrder=2}
17:48:27,048 DEBUG [RepositoryClassLoader] Added url: file:/F:/eclipse_workspace_4.4/jndi-jboss422-snippets/server/jboss-4.2.2.GA/server/default/lib/jbossts-common.jar, to ucl: org.jboss.mx.loading.UnifiedClassLoader3@2fd1ed8d{ url=null ,addedOrder=2}
17:48:27,050 DEBUG [RepositoryClassLoader] Added url: file:/F:/eclipse_workspace_4.4/jndi-jboss422-snippets/server/jboss-4.2.2.GA/server/default/lib/jbossws-common.jar, to ucl: org.jboss.mx.loading.UnifiedClassLoader3@2fd1ed8d{ url=null ,addedOrder=2}
17:48:27,052 DEBUG [RepositoryClassLoader] Added url: file:/F:/eclipse_workspace_4.4/jndi-jboss422-snippets/server/jboss-4.2.2.GA/server/default/lib/jbossws-framework.jar, to ucl: org.jboss.mx.loading.UnifiedClassLoader3@2fd1ed8d{ url=null ,addedOrder=2}
17:48:27,054 DEBUG [RepositoryClassLoader] Added url: file:/F:/eclipse_workspace_4.4/jndi-jboss422-snippets/server/jboss-4.2.2.GA/server/default/lib/jbossws-jboss42.jar, to ucl: org.jboss.mx.loading.UnifiedClassLoader3@2fd1ed8d{ url=null ,addedOrder=2}
17:48:27,057 DEBUG [RepositoryClassLoader] Added url: file:/F:/eclipse_workspace_4.4/jndi-jboss422-snippets/server/jboss-4.2.2.GA/server/default/lib/jbossws-spi.jar, to ucl: org.jboss.mx.loading.UnifiedClassLoader3@2fd1ed8d{ url=null ,addedOrder=2}
17:48:27,058 DEBUG [RepositoryClassLoader] Added url: file:/F:/eclipse_workspace_4.4/jndi-jboss422-snippets/server/jboss-4.2.2.GA/server/default/lib/jmx-adaptor-plugin.jar, to ucl: org.jboss.mx.loading.UnifiedClassLoader3@2fd1ed8d{ url=null ,addedOrder=2}
17:48:27,059 DEBUG [RepositoryClassLoader] Added url: file:/F:/eclipse_workspace_4.4/jndi-jboss422-snippets/server/jboss-4.2.2.GA/server/default/lib/jnpserver.jar, to ucl: org.jboss.mx.loading.UnifiedClassLoader3@2fd1ed8d{ url=null ,addedOrder=2}
17:48:27,061 DEBUG [RepositoryClassLoader] Added url: file:/F:/eclipse_workspace_4.4/jndi-jboss422-snippets/server/jboss-4.2.2.GA/server/default/lib/joesnmp.jar, to ucl: org.jboss.mx.loading.UnifiedClassLoader3@2fd1ed8d{ url=null ,addedOrder=2}
17:48:27,062 DEBUG [RepositoryClassLoader] Added url: file:/F:/eclipse_workspace_4.4/jndi-jboss422-snippets/server/jboss-4.2.2.GA/server/default/lib/jpl-pattern.jar, to ucl: org.jboss.mx.loading.UnifiedClassLoader3@2fd1ed8d{ url=null ,addedOrder=2}
17:48:27,063 DEBUG [RepositoryClassLoader] Added url: file:/F:/eclipse_workspace_4.4/jndi-jboss422-snippets/server/jboss-4.2.2.GA/server/default/lib/jpl-util.jar, to ucl: org.jboss.mx.loading.UnifiedClassLoader3@2fd1ed8d{ url=null ,addedOrder=2}
17:48:27,065 DEBUG [RepositoryClassLoader] Added url: file:/F:/eclipse_workspace_4.4/jndi-jboss422-snippets/server/jboss-4.2.2.GA/server/default/lib/jsp-api.jar, to ucl: org.jboss.mx.loading.UnifiedClassLoader3@2fd1ed8d{ url=null ,addedOrder=2}
17:48:27,066 DEBUG [RepositoryClassLoader] Added url: file:/F:/eclipse_workspace_4.4/jndi-jboss422-snippets/server/jboss-4.2.2.GA/server/default/lib/log4j-snmp-appender.jar, to ucl: org.jboss.mx.loading.UnifiedClassLoader3@2fd1ed8d{ url=null ,addedOrder=2}
17:48:27,075 DEBUG [RepositoryClassLoader] Added url: file:/F:/eclipse_workspace_4.4/jndi-jboss422-snippets/server/jboss-4.2.2.GA/server/default/lib/log4j.jar, to ucl: org.jboss.mx.loading.UnifiedClassLoader3@2fd1ed8d{ url=null ,addedOrder=2}
17:48:27,076 DEBUG [RepositoryClassLoader] Added url: file:/F:/eclipse_workspace_4.4/jndi-jboss422-snippets/server/jboss-4.2.2.GA/server/default/lib/mail-plugin.jar, to ucl: org.jboss.mx.loading.UnifiedClassLoader3@2fd1ed8d{ url=null ,addedOrder=2}
17:48:27,086 DEBUG [RepositoryClassLoader] Added url: file:/F:/eclipse_workspace_4.4/jndi-jboss422-snippets/server/jboss-4.2.2.GA/server/default/lib/mail.jar, to ucl: org.jboss.mx.loading.UnifiedClassLoader3@2fd1ed8d{ url=null ,addedOrder=2}
17:48:27,104 DEBUG [RepositoryClassLoader] Added url: file:/F:/eclipse_workspace_4.4/jndi-jboss422-snippets/server/jboss-4.2.2.GA/server/default/lib/mysql-connector-java-5.1.9.jar, to ucl: org.jboss.mx.loading.UnifiedClassLoader3@2fd1ed8d{ url=null ,addedOrder=2}
17:48:27,105 DEBUG [RepositoryClassLoader] Added url: file:/F:/eclipse_workspace_4.4/jndi-jboss422-snippets/server/jboss-4.2.2.GA/server/default/lib/properties-plugin.jar, to ucl: org.jboss.mx.loading.UnifiedClassLoader3@2fd1ed8d{ url=null ,addedOrder=2}
17:48:27,115 DEBUG [RepositoryClassLoader] Added url: file:/F:/eclipse_workspace_4.4/jndi-jboss422-snippets/server/jboss-4.2.2.GA/server/default/lib/quartz.jar, to ucl: org.jboss.mx.loading.UnifiedClassLoader3@2fd1ed8d{ url=null ,addedOrder=2}
17:48:27,115 DEBUG [RepositoryClassLoader] Added url: file:/F:/eclipse_workspace_4.4/jndi-jboss422-snippets/server/jboss-4.2.2.GA/server/default/lib/scheduler-plugin-example.jar, to ucl: org.jboss.mx.loading.UnifiedClassLoader3@2fd1ed8d{ url=null ,addedOrder=2}
17:48:27,116 DEBUG [RepositoryClassLoader] Added url: file:/F:/eclipse_workspace_4.4/jndi-jboss422-snippets/server/jboss-4.2.2.GA/server/default/lib/scheduler-plugin.jar, to ucl: org.jboss.mx.loading.UnifiedClassLoader3@2fd1ed8d{ url=null ,addedOrder=2}
17:48:27,119 DEBUG [RepositoryClassLoader] Added url: file:/F:/eclipse_workspace_4.4/jndi-jboss422-snippets/server/jboss-4.2.2.GA/server/default/lib/servlet-api.jar, to ucl: org.jboss.mx.loading.UnifiedClassLoader3@2fd1ed8d{ url=null ,addedOrder=2}
17:48:27,119 DEBUG [RepositoryClassLoader] Added url: file:/F:/eclipse_workspace_4.4/jndi-jboss422-snippets/server/jboss-4.2.2.GA/server/default/lib/xmlentitymgr.jar, to ucl: org.jboss.mx.loading.UnifiedClassLoader3@2fd1ed8d{ url=null ,addedOrder=2}
17:48:27,119 DEBUG [MainDeployer] found 0 subpackages of file:/F:/eclipse_workspace_4.4/jndi-jboss422-snippets/server/jboss-4.2.2.GA/server/default/conf/jboss-service.xml
17:48:27,120 DEBUG [MainDeployer] Watching new file: file:/F:/eclipse_workspace_4.4/jndi-jboss422-snippets/server/jboss-4.2.2.GA/server/default/conf/jboss-service.xml
17:48:27,120 DEBUG [MainDeployer] create step for deployment file:/F:/eclipse_workspace_4.4/jndi-jboss422-snippets/server/jboss-4.2.2.GA/server/default/conf/jboss-service.xml
17:48:27,120 DEBUG [SARDeployer] Deploying SAR, create step: url file:/F:/eclipse_workspace_4.4/jndi-jboss422-snippets/server/jboss-4.2.2.GA/server/default/conf/jboss-service.xml
17:48:27,120 DEBUG [SARDeployer] Registering service UCL=jmx.loading:UCL=2fd1ed8d
17:48:27,122 DEBUG [ServiceCreator] About to create bean: jboss.management.local:j2eeType=J2EEDomain,name=Manager with code: org.jboss.management.j2ee.LocalJBossServerDomain
17:48:27,152 DEBUG [ServiceCreator] Created bean: jboss.management.local:j2eeType=J2EEDomain,name=Manager
17:48:27,153 DEBUG [ServiceConfigurator] MainDeployer set to jboss.system:service=MainDeployer in jboss.management.local:j2eeType=J2EEDomain,name=Manager
17:48:27,154 DEBUG [ServiceConfigurator] SARDeployer set to jboss.system:service=ServiceDeployer in jboss.management.local:j2eeType=J2EEDomain,name=Manager
17:48:27,154 DEBUG [ServiceConfigurator] EARDeployer set to jboss.j2ee:service=EARDeployer in jboss.management.local:j2eeType=J2EEDomain,name=Manager
17:48:27,154 DEBUG [ServiceConfigurator] EJBDeployer set to jboss.ejb:service=EJBDeployer in jboss.management.local:j2eeType=J2EEDomain,name=Manager
17:48:27,155 DEBUG [ServiceConfigurator] RARDeployer set to jboss.jca:service=RARDeployer in jboss.management.local:j2eeType=J2EEDomain,name=Manager
17:48:27,155 DEBUG [ServiceConfigurator] CMDeployer set to jboss.jca:service=ConnectionFactoryDeployer in jboss.management.local:j2eeType=J2EEDomain,name=Manager
17:48:27,155 DEBUG [ServiceConfigurator] WARDeployer set to jboss.web:service=WebServer in jboss.management.local:j2eeType=J2EEDomain,name=Manager
17:48:27,155 DEBUG [ServiceConfigurator] CARDeployer set to jboss.j2ee:service=ClientDeployer in jboss.management.local:j2eeType=J2EEDomain,name=Manager
17:48:27,156 DEBUG [ServiceConfigurator] MailService set to jboss:service=Mail in jboss.management.local:j2eeType=J2EEDomain,name=Manager
17:48:27,156 DEBUG [ServiceConfigurator] JMSService set to jboss.mq:service=DestinationManager in jboss.management.local:j2eeType=J2EEDomain,name=Manager
17:48:27,156 DEBUG [ServiceConfigurator] JNDIService set to jboss:service=Naming in jboss.management.local:j2eeType=J2EEDomain,name=Manager
17:48:27,156 DEBUG [ServiceConfigurator] JTAService set to jboss:service=TransactionManager in jboss.management.local:j2eeType=J2EEDomain,name=Manager
17:48:27,157 DEBUG [ServiceConfigurator] UserTransactionService set to jboss:service=ClientUserTransaction in jboss.management.local:j2eeType=J2EEDomain,name=Manager
17:48:27,157 DEBUG [ServiceConfigurator] RMI_IIOPService set to jboss:service=CorbaORB in jboss.management.local:j2eeType=J2EEDomain,name=Manager
17:48:27,157 DEBUG [ServiceCreator] About to create xmbean object: jboss:service=AttributePersistenceService with code: org.jboss.system.pm.AttributePersistenceService with descriptor: resource:xmdesc/AttributePersistenceService-xmbean.xml
17:48:27,167 DEBUG [ModelMBeanInvoker] Loaded persistence mgr: org.jboss.mx.persistence.ObjectStreamPersistenceManager
17:48:27,167 DEBUG [ObjectStreamPersistenceManager] load, resource:org.jboss.system.pm.AttributePersistenceService@7dd6d554
17:48:27,167 DEBUG [ObjectStreamPersistenceManager] Store file is: F:\eclipse_workspace_4.4\jndi-jboss422-snippets\server\jboss-4.2.2.GA\server\default\data\xmbean-attrs\AttributePersistenceService.ser
17:48:27,168 DEBUG [ServiceCreator] Created bean: jboss:service=AttributePersistenceService
17:48:27,168 DEBUG [ServiceCreator] About to create bean: jboss.system:service=ThreadPool with code: org.jboss.util.threadpool.BasicThreadPool
17:48:27,178 DEBUG [ServiceCreator] Created bean: jboss.system:service=ThreadPool
17:48:27,178 DEBUG [ServiceConfigurator] Name set to JBoss System Threads in jboss.system:service=ThreadPool
17:48:27,178 DEBUG [ServiceConfigurator] ThreadGroupName set to System Threads in jboss.system:service=ThreadPool
17:48:27,179 DEBUG [ServiceConfigurator] KeepAliveTime set to 60000 in jboss.system:service=ThreadPool
17:48:27,179 DEBUG [ServiceConfigurator] MaximumPoolSize set to 10 in jboss.system:service=ThreadPool
17:48:27,179 DEBUG [ServiceConfigurator] MaximumQueueSize set to 1000 in jboss.system:service=ThreadPool
17:48:27,180 DEBUG [ServiceConfigurator] BlockingMode set to run in jboss.system:service=ThreadPool
17:48:27,180 DEBUG [ServiceCreator] About to create xmbean object: jboss.system:type=Log4jService,service=Logging with code: org.jboss.logging.Log4jService with descriptor: resource:xmdesc/Log4jService-xmbean.xml
17:48:27,196 DEBUG [ServiceCreator] Created bean: jboss.system:type=Log4jService,service=Logging
17:48:27,197 DEBUG [ServiceConfigurator] ConfigurationURL set to resource:jboss-log4j.xml in jboss.system:type=Log4jService,service=Logging
17:48:27,197 DEBUG [ServiceConfigurator] Log4jQuietMode set to true in jboss.system:type=Log4jService,service=Logging
17:48:27,197 DEBUG [ServiceConfigurator] RefreshPeriod set to 60 in jboss.system:type=Log4jService,service=Logging
17:48:27,197 DEBUG [ServiceCreator] About to create bean: jboss.rmi:type=RMIClassLoader with code: org.jboss.util.property.jmx.SystemPropertyClassValue
17:48:27,199 DEBUG [ServiceCreator] Created bean: jboss.rmi:type=RMIClassLoader
17:48:27,199 DEBUG [ServiceConfigurator] Property set to java.rmi.server.RMIClassLoaderSpi in jboss.rmi:type=RMIClassLoader
17:48:27,199 DEBUG [ServiceConfigurator] ClassName set to org.jboss.system.JBossRMIClassLoader in jboss.rmi:type=RMIClassLoader
17:48:27,199 DEBUG [ServiceCreator] About to create bean: jboss:service=WebService with code: org.jboss.web.WebService
17:48:27,204 DEBUG [ServiceCreator] Created bean: jboss:service=WebService
17:48:27,204 DEBUG [ServiceConfigurator] BindAddress set to 127.0.0.1 in jboss:service=WebService
17:48:27,204 DEBUG [ServiceConfigurator] Port set to 8083 in jboss:service=WebService
17:48:27,205 DEBUG [ServiceConfigurator] Host set to 127.0.0.1 in jboss:service=WebService
17:48:27,205 DEBUG [ServiceConfigurator] DownloadServerClasses set to true in jboss:service=WebService
17:48:27,205 DEBUG [ServiceConfigurator] DownloadResources set to false in jboss:service=WebService
17:48:27,205 DEBUG [ServiceController] recording that jboss:service=WebService depends on jboss.system:service=ThreadPool
17:48:27,205 DEBUG [ServiceConfigurator] considering ThreadPool with object name jboss.system:service=ThreadPool
17:48:27,207 DEBUG [ServiceCreator] About to create xmbean object: jboss:service=NamingBeanImpl with code: org.jnp.server.NamingBeanImpl with descriptor: resource:xmdesc/NamingBean-xmbean.xml
17:48:27,214 DEBUG [ServiceCreator] Created bean: jboss:service=NamingBeanImpl
17:48:27,214 DEBUG [ServiceCreator] About to create xmbean object: jboss:service=Naming with code: org.jboss.naming.NamingService with descriptor: resource:xmdesc/NamingService-xmbean.xml
17:48:27,228 DEBUG [ModelMBeanInvoker] Ignoring obsolete legacy interceptor: org.jboss.mx.interceptor.PersistenceInterceptor2
17:48:27,228 DEBUG [ModelMBeanInvoker] Ignoring obsolete legacy interceptor: org.jboss.mx.interceptor.ModelMBeanInterceptor
17:48:27,228 DEBUG [ModelMBeanInvoker] Ignoring obsolete legacy interceptor: org.jboss.mx.interceptor.ObjectReferenceInterceptor
17:48:27,228 DEBUG [ServiceCreator] Created bean: jboss:service=Naming
17:48:27,229 DEBUG [ServiceConfigurator] CallByValue set to false in jboss:service=Naming
17:48:27,229 DEBUG [ServiceConfigurator] Port set to 1099 in jboss:service=Naming
17:48:27,230 DEBUG [ServiceConfigurator] BindAddress set to 127.0.0.1 in jboss:service=Naming
17:48:27,230 DEBUG [ServiceConfigurator] RmiPort set to 1098 in jboss:service=Naming
17:48:27,230 DEBUG [ServiceConfigurator] RmiBindAddress set to 127.0.0.1 in jboss:service=Naming
17:48:27,230 DEBUG [ServiceController] recording that jboss:service=Naming depends on jboss.system:service=ThreadPool
17:48:27,230 DEBUG [ServiceConfigurator] considering LookupPool with object name jboss.system:service=ThreadPool
17:48:27,232 DEBUG [ServiceController] recording that jboss:service=Naming depends on jboss:service=NamingBeanImpl
17:48:27,232 DEBUG [ServiceConfigurator] considering Naming with object name jboss:service=NamingBeanImpl
17:48:27,234 DEBUG [ServiceCreator] About to create xmbean object: jboss:service=JNDIView with code: org.jboss.naming.JNDIView with descriptor: resource:xmdesc/JNDIView-xmbean.xml
17:48:27,241 DEBUG [ServiceCreator] Created bean: jboss:service=JNDIView
17:48:27,242 DEBUG [ServiceConfigurator] HANamingService set to jboss:service=HAJNDI in jboss:service=JNDIView
17:48:27,242 DEBUG [ServiceCreator] About to create bean: jboss.security:service=SecurityConfig with code: org.jboss.security.plugins.SecurityConfig
17:48:27,244 DEBUG [ServiceCreator] Created bean: jboss.security:service=SecurityConfig
17:48:27,245 DEBUG [ServiceConfigurator] LoginConfig set to jboss.security:service=XMLLoginConfig in jboss.security:service=SecurityConfig
17:48:27,245 DEBUG [ServiceCreator] About to create bean: jboss.security:service=XMLLoginConfig with code: org.jboss.security.auth.login.XMLLoginConfig
17:48:27,249 DEBUG [ServiceCreator] Created bean: jboss.security:service=XMLLoginConfig
17:48:27,249 DEBUG [ServiceConfigurator] ConfigResource set to login-config.xml in jboss.security:service=XMLLoginConfig
17:48:27,250 DEBUG [ServiceCreator] About to create bean: jboss.security:service=JaasSecurityManager with code: org.jboss.security.plugins.JaasSecurityManagerService
17:48:27,257 DEBUG [ServiceCreator] Created bean: jboss.security:service=JaasSecurityManager
17:48:27,257 DEBUG [ServiceConfigurator] ServerMode set to true in jboss.security:service=JaasSecurityManager
17:48:27,258 DEBUG [ServiceConfigurator] SecurityManagerClassName set to org.jboss.security.plugins.JaasSecurityManager in jboss.security:service=JaasSecurityManager
17:48:27,258 DEBUG [ServiceConfigurator] DefaultUnauthenticatedPrincipal set to anonymous in jboss.security:service=JaasSecurityManager
17:48:27,258 DEBUG [ServiceConfigurator] DefaultCacheTimeout set to 1800 in jboss.security:service=JaasSecurityManager
17:48:27,258 DEBUG [ServiceConfigurator] DefaultCacheResolution set to 60 in jboss.security:service=JaasSecurityManager
17:48:27,258 DEBUG [ServiceConfigurator] DeepCopySubjectMode set to false in jboss.security:service=JaasSecurityManager
17:48:27,258 DEBUG [JaasSecurityManagerService] setDeepCopySubjectMode=false
17:48:27,258 DEBUG [ServiceCreator] About to create bean: jboss:service=XidFactory with code: org.jboss.tm.XidFactory
17:48:27,262 DEBUG [ServiceCreator] Created bean: jboss:service=XidFactory
17:48:27,262 DEBUG [ServiceCreator] About to create bean: jboss:service=TransactionManager with code: com.arjuna.ats.jbossatx.jta.TransactionManagerService
17:48:27,286 DEBUG [ServiceCreator] Created bean: jboss:service=TransactionManager
17:48:27,286 DEBUG [ServiceConfigurator] TransactionTimeout set to 300 in jboss:service=TransactionManager
17:48:27,286 DEBUG [ServiceConfigurator] ObjectStoreDir set to F:\eclipse_workspace_4.4\jndi-jboss422-snippets\server\jboss-4.2.2.GA\server\default\data/tx-object-store in jboss:service=TransactionManager
17:48:27,287 DEBUG [ServiceCreator] About to create xmbean object: jboss:service=ClientUserTransaction with code: org.jboss.tm.usertx.server.ClientUserTransactionService with descriptor: resource:xmdesc/ClientUserTransaction-xmbean.xml
17:48:27,292 DEBUG [ServiceCreator] Created bean: jboss:service=ClientUserTransaction
17:48:27,292 DEBUG [ServiceCreator] About to create bean: jboss:service=proxyFactory,target=ClientUserTransactionFactory with code: org.jboss.invocation.jrmp.server.JRMPProxyFactory
17:48:27,296 DEBUG [ServiceCreator] Created bean: jboss:service=proxyFactory,target=ClientUserTransactionFactory
17:48:27,296 DEBUG [ServiceConfigurator] InvokerName set to jboss:service=invoker,type=jrmp in jboss:service=proxyFactory,target=ClientUserTransactionFactory
17:48:27,297 DEBUG [ServiceConfigurator] TargetName set to jboss:service=ClientUserTransaction in jboss:service=proxyFactory,target=ClientUserTransactionFactory
17:48:27,297 DEBUG [ServiceConfigurator] JndiName set to UserTransactionSessionFactory in jboss:service=proxyFactory,target=ClientUserTransactionFactory
17:48:27,298 DEBUG [ServiceConfigurator] ExportedInterface set to interface org.jboss.tm.usertx.interfaces.UserTransactionSessionFactory in jboss:service=proxyFactory,target=ClientUserTransactionFactory
17:48:27,302 DEBUG [ServiceConfigurator] ClientInterceptors set to [interceptors: null] in jboss:service=proxyFactory,target=ClientUserTransactionFactory
17:48:27,303 DEBUG [JRMPProxyFactory] added interceptor type: class org.jboss.proxy.ClientMethodInterceptor
17:48:27,304 DEBUG [JRMPProxyFactory] added interceptor type: class org.jboss.invocation.InvokerInterceptor
17:48:27,304 DEBUG [ServiceController] recording that jboss:service=proxyFactory,target=ClientUserTransactionFactory depends on jboss:service=invoker,type=jrmp
17:48:27,304 DEBUG [ServiceConfigurator] considering <anonymous> with object name jboss:service=invoker,type=jrmp
17:48:27,304 DEBUG [ServiceController] recording that jboss:service=ClientUserTransaction depends on jboss:service=proxyFactory,target=ClientUserTransactionFactory
17:48:27,304 DEBUG [ServiceConfigurator] considering <anonymous> with object name jboss:service=proxyFactory,target=ClientUserTransactionFactory
17:48:27,304 DEBUG [ServiceCreator] About to create bean: jboss:service=proxyFactory,target=ClientUserTransaction with code: org.jboss.invocation.jrmp.server.JRMPProxyFactory
17:48:27,305 DEBUG [ServiceCreator] Created bean: jboss:service=proxyFactory,target=ClientUserTransaction
17:48:27,305 DEBUG [ServiceConfigurator] InvokerName set to jboss:service=invoker,type=jrmp in jboss:service=proxyFactory,target=ClientUserTransaction
17:48:27,306 DEBUG [ServiceConfigurator] TargetName set to jboss:service=ClientUserTransaction in jboss:service=proxyFactory,target=ClientUserTransaction
17:48:27,306 DEBUG [ServiceConfigurator] ExportedInterface set to interface org.jboss.tm.usertx.interfaces.UserTransactionSession in jboss:service=proxyFactory,target=ClientUserTransaction
17:48:27,307 DEBUG [ServiceConfigurator] ClientInterceptors set to [interceptors: null] in jboss:service=proxyFactory,target=ClientUserTransaction
17:48:27,308 DEBUG [JRMPProxyFactory] added interceptor type: class org.jboss.proxy.ClientMethodInterceptor
17:48:27,308 DEBUG [JRMPProxyFactory] added interceptor type: class org.jboss.invocation.InvokerInterceptor
17:48:27,308 DEBUG [ServiceController] recording that jboss:service=proxyFactory,target=ClientUserTransaction depends on jboss:service=invoker,type=jrmp
17:48:27,308 DEBUG [ServiceConfigurator] considering <anonymous> with object name jboss:service=invoker,type=jrmp
17:48:27,308 DEBUG [ServiceController] recording that jboss:service=ClientUserTransaction depends on jboss:service=proxyFactory,target=ClientUserTransaction
17:48:27,308 DEBUG [ServiceConfigurator] considering TxProxyName with object name jboss:service=proxyFactory,target=ClientUserTransaction
17:48:27,308 DEBUG [ServiceCreator] About to create bean: jboss:service=invoker,type=unified with code: org.jboss.invocation.unified.server.UnifiedInvoker
17:48:27,314 DEBUG [ServiceCreator] Created bean: jboss:service=invoker,type=unified
17:48:27,314 DEBUG [ServiceController] recording that jboss:service=invoker,type=unified depends on jboss:service=TransactionManager
17:48:27,314 DEBUG [ServiceConfigurator] considering <anonymous> with object name jboss:service=TransactionManager
17:48:27,314 DEBUG [ServiceController] recording that jboss:service=invoker,type=unified depends on jboss.remoting:service=Connector,transport=socket
17:48:27,314 DEBUG [ServiceConfigurator] considering <anonymous> with object name jboss.remoting:service=Connector,transport=socket
17:48:27,315 DEBUG [ServiceCreator] About to create bean: jboss:service=invoker,type=jrmp with code: org.jboss.invocation.jrmp.server.JRMPInvoker
17:48:27,321 DEBUG [ServiceCreator] Created bean: jboss:service=invoker,type=jrmp
17:48:27,321 DEBUG [ServiceConfigurator] RMIObjectPort set to 4444 in jboss:service=invoker,type=jrmp
17:48:27,322 DEBUG [ServiceConfigurator] ServerAddress set to 127.0.0.1 in jboss:service=invoker,type=jrmp
17:48:27,322 DEBUG [ServiceController] recording that jboss:service=invoker,type=jrmp depends on jboss:service=TransactionManager
17:48:27,322 DEBUG [ServiceConfigurator] considering <anonymous> with object name jboss:service=TransactionManager
17:48:27,322 DEBUG [ServiceCreator] About to create bean: jboss:service=invoker,type=local with code: org.jboss.invocation.local.LocalInvoker
17:48:27,325 DEBUG [ServiceCreator] Created bean: jboss:service=invoker,type=local
17:48:27,325 DEBUG [ServiceController] recording that jboss:service=invoker,type=local depends on jboss:service=TransactionManager
17:48:27,325 DEBUG [ServiceConfigurator] considering <anonymous> with object name jboss:service=TransactionManager
17:48:27,325 DEBUG [ServiceCreator] About to create bean: jboss:service=invoker,type=pooled with code: org.jboss.invocation.pooled.server.PooledInvoker
17:48:27,330 DEBUG [ServiceCreator] Created bean: jboss:service=invoker,type=pooled
17:48:27,330 DEBUG [ServiceConfigurator] NumAcceptThreads set to 1 in jboss:service=invoker,type=pooled
17:48:27,330 DEBUG [ServiceConfigurator] MaxPoolSize set to 300 in jboss:service=invoker,type=pooled
17:48:27,331 DEBUG [ServiceConfigurator] ClientMaxPoolSize set to 300 in jboss:service=invoker,type=pooled
17:48:27,331 DEBUG [ServiceConfigurator] SocketTimeout set to 60000 in jboss:service=invoker,type=pooled
17:48:27,331 DEBUG [ServiceConfigurator] ServerBindAddress set to 127.0.0.1 in jboss:service=invoker,type=pooled
17:48:27,331 DEBUG [ServiceConfigurator] ServerBindPort set to 4445 in jboss:service=invoker,type=pooled
17:48:27,331 DEBUG [ServiceConfigurator] ClientConnectAddress set to 127.0.0.1 in jboss:service=invoker,type=pooled
17:48:27,332 DEBUG [ServiceConfigurator] ClientConnectPort set to 0 in jboss:service=invoker,type=pooled
17:48:27,332 DEBUG [ServiceConfigurator] ClientRetryCount set to 1 in jboss:service=invoker,type=pooled
17:48:27,332 DEBUG [ServiceConfigurator] EnableTcpNoDelay set to false in jboss:service=invoker,type=pooled
17:48:27,332 DEBUG [ServiceController] recording that jboss:service=invoker,type=pooled depends on jboss:service=TransactionManager
17:48:27,332 DEBUG [ServiceConfigurator] considering TransactionManagerService with object name jboss:service=TransactionManager
17:48:27,332 DEBUG [ServiceCreator] About to create bean: jboss.remoting:service=NetworkRegistry with code: org.jboss.remoting.network.NetworkRegistry
17:48:27,340 DEBUG [ServiceCreator] Created bean: jboss.remoting:service=NetworkRegistry
17:48:27,340 DEBUG [ServiceCreator] About to create bean: jboss.remoting:service=Connector,transport=socket with code: org.jboss.remoting.transport.Connector
17:48:27,343 DEBUG [ServiceCreator] Created bean: jboss.remoting:service=Connector,transport=socket
17:48:27,346 DEBUG [ServiceConfigurator] Configuration set to [config: null] in jboss.remoting:service=Connector,transport=socket
17:48:27,346 DEBUG [ServiceController] recording that jboss.remoting:service=Connector,transport=socket depends on jboss.remoting:service=NetworkRegistry
17:48:27,346 DEBUG [ServiceConfigurator] considering <anonymous> with object name jboss.remoting:service=NetworkRegistry
17:48:27,346 DEBUG [ServiceCreator] About to create bean: jboss.jdbc:service=metadata with code: org.jboss.ejb.plugins.cmp.jdbc.metadata.MetaDataLibrary
17:48:27,348 DEBUG [ServiceCreator] Created bean: jboss.jdbc:service=metadata
17:48:27,348 DEBUG [ServiceCreator] About to create bean: jboss.deployment:type=DeploymentScanner,flavor=URL with code: org.jboss.deployment.scanner.URLDeploymentScanner
17:48:27,353 DEBUG [ServiceCreator] Created bean: jboss.deployment:type=DeploymentScanner,flavor=URL
17:48:27,353 DEBUG [ServiceController] recording that jboss.deployment:type=DeploymentScanner,flavor=URL depends on jboss.system:service=MainDeployer
17:48:27,353 DEBUG [ServiceConfigurator] considering Deployer with object name jboss.system:service=MainDeployer
17:48:27,354 DEBUG [ServiceConfigurator] URLComparator set to org.jboss.deployment.DeploymentSorter in jboss.deployment:type=DeploymentScanner,flavor=URL
17:48:27,357 DEBUG [ServiceConfigurator] FilterInstance set to org.jboss.deployment.scanner.DeploymentFilter@3624b25a in jboss.deployment:type=DeploymentScanner,flavor=URL
17:48:27,357 DEBUG [ServiceConfigurator] ScanPeriod set to 5000 in jboss.deployment:type=DeploymentScanner,flavor=URL
17:48:27,358 DEBUG [ServiceConfigurator] ScanEnabled set to true in jboss.deployment:type=DeploymentScanner,flavor=URL
17:48:27,358 DEBUG [ServiceConfigurator] URLs set to deploy/ in jboss.deployment:type=DeploymentScanner,flavor=URL
17:48:27,358 DEBUG [URLDeploymentScanner] Adding URL from spec: deploy/
17:48:27,358 DEBUG [URLDeploymentScanner] URL: file:/F:/eclipse_workspace_4.4/jndi-jboss422-snippets/server/jboss-4.2.2.GA/server/default/deploy/
17:48:27,358 DEBUG [URLDeploymentScanner] Added url: file:/F:/eclipse_workspace_4.4/jndi-jboss422-snippets/server/jboss-4.2.2.GA/server/default/deploy/
17:48:27,358 DEBUG [URLDeploymentScanner] URL list: [file:/F:/eclipse_workspace_4.4/jndi-jboss422-snippets/server/jboss-4.2.2.GA/server/default/deploy/]
17:48:27,358 DEBUG [ServiceConfigurator] RecursiveSearch set to true in jboss.deployment:type=DeploymentScanner,flavor=URL
17:48:27,358 DEBUG [ServiceController] Creating service jboss.management.local:j2eeType=J2EEDomain,name=Manager
17:48:27,358 DEBUG [LocalJBossServerDomain] Creating jboss.management.local:j2eeType=J2EEDomain,name=Manager
17:48:27,358 DEBUG [LocalJBossServerDomain] setupJ2EEMBeans(), create J2EEServer instance
17:48:27,362 DEBUG [J2EEDomain] ctor, name: jboss.management.local:name=jboss.management.local,j2eeType=J2EEDomain
17:48:27,363 DEBUG [J2EEDomain] postRegister(), parent: null
17:48:27,365 DEBUG [J2EEServer] postRegister(), parent: jboss.management.local:j2eeType=J2EEDomain,name=jboss.management.local
17:48:27,373 DEBUG [JVM] postRegister(), parent: jboss.management.local:j2eeType=J2EEServer,name=Local
17:48:27,378 DEBUG [LocalJBossServerDomain] Registered as listener of: jboss.system:service=ServiceController
17:48:27,384 DEBUG [LocalJBossServerDomain] Registering with all deployers, mainDeployer=jboss.system:service=MainDeployer
17:48:27,384 DEBUG [LocalJBossServerDomain] Getting current deployers
17:48:27,384 DEBUG [LocalJBossServerDomain] Registering as listener of deployer: jboss.system:service=ServiceDeployer
17:48:27,384 DEBUG [LocalJBossServerDomain] Registering as listener of deployer: jboss.system:service=JARDeployer
17:48:27,385 DEBUG [LocalJBossServerDomain] Created jboss.management.local:j2eeType=J2EEDomain,name=Manager
17:48:27,385 DEBUG [LocalJBossServerDomain] handleNotification: javax.management.Notification[source=jboss.system:service=ServiceController][type=org.jboss.system.ServiceMBean.create][message=]
17:48:27,385 DEBUG [DefaultManagedObjectFactoryMap] Failed to find factory for event: javax.management.Notification[source=jboss.system:service=ServiceController][type=org.jboss.system.ServiceMBean.create][message=]
17:48:27,385 DEBUG [ServiceController] Creating dependent components for: jboss.management.local:j2eeType=J2EEDomain,name=Manager dependents are: []
17:48:27,385 DEBUG [ServiceController] Creating service jboss:service=AttributePersistenceService
17:48:27,385 DEBUG [AttributePersistenceService] Creating jboss:service=AttributePersistenceService
17:48:27,385 DEBUG [AttributePersistenceService] Created jboss:service=AttributePersistenceService
17:48:27,385 DEBUG [LocalJBossServerDomain] handleNotification: javax.management.Notification[source=jboss.system:service=ServiceController][type=org.jboss.system.ServiceMBean.create][message=]
17:48:27,385 DEBUG [DefaultManagedObjectFactoryMap] Failed to find factory for event: javax.management.Notification[source=jboss.system:service=ServiceController][type=org.jboss.system.ServiceMBean.create][message=]
17:48:27,385 DEBUG [ServiceController] Creating dependent components for: jboss:service=AttributePersistenceService dependents are: []
17:48:27,385 DEBUG [ServiceController] Creating service jboss.system:service=ThreadPool
17:48:27,385 DEBUG [LocalJBossServerDomain] handleNotification: javax.management.Notification[source=jboss.system:service=ServiceController][type=org.jboss.system.ServiceMBean.create][message=]
17:48:27,385 DEBUG [DefaultManagedObjectFactoryMap] Failed to find factory for event: javax.management.Notification[source=jboss.system:service=ServiceController][type=org.jboss.system.ServiceMBean.create][message=]
17:48:27,385 DEBUG [ServiceController] Creating dependent components for: jboss.system:service=ThreadPool dependents are: [ObjectName: jboss:service=WebService
  State: CONFIGURED
  I Depend On:
    jboss.system:service=ThreadPool
, ObjectName: jboss:service=Naming
  State: CONFIGURED
  I Depend On:
    jboss.system:service=ThreadPool
    jboss:service=NamingBeanImpl
]
17:48:27,385 DEBUG [ServiceController] Creating service jboss:service=WebService
17:48:27,385 DEBUG [WebService] Creating jboss:service=WebService
17:48:27,386 INFO  [WebService] Using RMI server codebase: http://127.0.0.1:8083/
17:48:27,386 DEBUG [WebService] Created jboss:service=WebService
17:48:27,386 DEBUG [LocalJBossServerDomain] handleNotification: javax.management.Notification[source=jboss.system:service=ServiceController][type=org.jboss.system.ServiceMBean.create][message=]
17:48:27,386 DEBUG [DefaultManagedObjectFactoryMap] Failed to find factory for event: javax.management.Notification[source=jboss.system:service=ServiceController][type=org.jboss.system.ServiceMBean.create][message=]
17:48:27,386 DEBUG [ServiceController] Creating dependent components for: jboss:service=WebService dependents are: []
17:48:27,386 DEBUG [ServiceController] Creating service jboss:service=Naming
17:48:27,386 DEBUG [ServiceController] waiting in create of jboss:service=Naming waiting on jboss:service=NamingBeanImpl
17:48:27,386 DEBUG [ServiceController] Creating service jboss.system:type=Log4jService,service=Logging
17:48:27,386 DEBUG [Log4jService] Creating jboss.system:type=Log4jService,service=Logging
17:48:27,387 INFO  [Log4jService$URLWatchTimerTask] Configuring from URL: resource:jboss-log4j.xml
